0 info it worked if it ends with ok
1 verbose cli [ 'C:\\Program Files (x86)\\nodejs\\\\node.exe',
1 verbose cli   'C:\\Program Files (x86)\\nodejs\\node_modules\\npm\\bin\\npm-cli.js',
1 verbose cli   'update',
1 verbose cli   'ejs',
1 verbose cli   '--save' ]
2 info using npm@1.4.21
3 info using node@v0.10.30
4 verbose node symlink C:\Program Files (x86)\nodejs\\node.exe
5 verbose request where is /ejs
6 verbose request registry https://registry.npmjs.org/
7 verbose request id 644f396e560f8a9b
8 verbose url raw /ejs
9 verbose url resolving [ 'https://registry.npmjs.org/', './ejs' ]
10 verbose url resolved https://registry.npmjs.org/ejs
11 verbose request where is https://registry.npmjs.org/ejs
12 info trying registry request attempt 1 at 09:21:23
13 verbose etag "6EVNI1TJX24WTMUNWLVUU8HRF"
14 http GET https://registry.npmjs.org/ejs
15 info retry will retry, error on last attempt: Error: 4996:error:140770FC:SSL routines:SSL23_GET_SERVER_HELLO:unknown protocol:openssl\ssl\s23_clnt.c:787:
16 info trying registry request attempt 2 at 09:21:33
17 verbose etag "6EVNI1TJX24WTMUNWLVUU8HRF"
18 http GET https://registry.npmjs.org/ejs
19 info retry will retry, error on last attempt: Error: 4996:error:140770FC:SSL routines:SSL23_GET_SERVER_HELLO:unknown protocol:openssl\ssl\s23_clnt.c:787:
20 info trying registry request attempt 3 at 09:22:33
21 verbose etag "6EVNI1TJX24WTMUNWLVUU8HRF"
22 http GET https://registry.npmjs.org/ejs
23 silly registry.get cb [ 304, undefined ]
24 verbose etag https://registry.npmjs.org/ejs from cache
25 verbose cache add [ 'ejs', '>2.3.1' ]
26 verbose cache add name="ejs" spec=">2.3.1" args=["ejs",">2.3.1"]
27 verbose parsed url { protocol: null,
27 verbose parsed url   slashes: null,
27 verbose parsed url   auth: null,
27 verbose parsed url   host: null,
27 verbose parsed url   port: null,
27 verbose parsed url   hostname: null,
27 verbose parsed url   hash: null,
27 verbose parsed url   search: null,
27 verbose parsed url   query: null,
27 verbose parsed url   pathname: '%3E2.3.1',
27 verbose parsed url   path: '%3E2.3.1',
27 verbose parsed url   href: '%3E2.3.1' }
28 verbose addNamed [ 'ejs', '>2.3.1' ]
29 verbose addNamed [ null, '>2.3.1' ]
30 silly lockFile e8324a08-ejs-2-3-1 ejs@>2.3.1
31 verbose lock ejs@>2.3.1 C:\Users\rafael\AppData\Roaming\npm-cache\e8324a08-ejs-2-3-1.lock
32 silly addNameRange { name: 'ejs', range: '>2.3.1', hasData: false }
33 verbose registry.get https://registry.npmjs.org/ejs not expired, no request
34 silly addNameRange number 2 { name: 'ejs', range: '>2.3.1', hasData: true }
35 silly addNameRange versions [ 'ejs',
35 silly addNameRange   [ '0.0.1',
35 silly addNameRange     '0.0.2',
35 silly addNameRange     '0.0.3',
35 silly addNameRange     '0.0.4',
35 silly addNameRange     '0.1.0',
35 silly addNameRange     '0.2.0',
35 silly addNameRange     '0.2.1',
35 silly addNameRange     '0.3.0',
35 silly addNameRange     '0.3.1',
35 silly addNameRange     '0.4.0',
35 silly addNameRange     '0.4.1',
35 silly addNameRange     '0.4.2',
35 silly addNameRange     '0.4.3',
35 silly addNameRange     '0.5.0',
35 silly addNameRange     '0.6.0',
35 silly addNameRange     '0.6.1',
35 silly addNameRange     '0.7.0',
35 silly addNameRange     '0.7.1',
35 silly addNameRange     '0.7.2',
35 silly addNameRange     '0.8.0',
35 silly addNameRange     '0.8.1',
35 silly addNameRange     '0.8.2',
35 silly addNameRange     '0.8.3',
35 silly addNameRange     '0.8.4',
35 silly addNameRange     '0.8.5',
35 silly addNameRange     '0.8.6',
35 silly addNameRange     '0.8.8',
35 silly addNameRange     '1.0.0',
35 silly addNameRange     '2.0.2',
35 silly addNameRange     '2.0.3',
35 silly addNameRange     '2.0.4',
35 silly addNameRange     '2.0.5',
35 silly addNameRange     '2.0.6',
35 silly addNameRange     '2.0.7',
35 silly addNameRange     '2.0.8',
35 silly addNameRange     '2.1.1',
35 silly addNameRange     '2.1.2',
35 silly addNameRange     '2.1.3',
35 silly addNameRange     '2.1.4',
35 silly addNameRange     '2.2.1',
35 silly addNameRange     '2.2.2',
35 silly addNameRange     '2.2.3',
35 silly addNameRange     '2.2.4',
35 silly addNameRange     '2.3.1' ] ]
36 silly lockFile e8324a08-ejs-2-3-1 ejs@>2.3.1
37 silly lockFile e8324a08-ejs-2-3-1 ejs@>2.3.1
38 info outdated updating []
39 error notarget No compatible version found: ejs@'>2.3.1'
39 error notarget Valid install targets:
39 error notarget ["0.0.1","0.0.2","0.0.3","0.0.4","0.1.0","0.2.0","0.2.1","0.3.0","0.3.1","0.4.0","0.4.1","0.4.2","0.4.3","0.5.0","0.6.0","0.6.1","0.7.0","0.7.1","0.7.2","0.8.0","0.8.1","0.8.2","0.8.3","0.8.4","0.8.5","0.8.6","0.8.8","1.0.0","2.0.2","2.0.3","2.0.4","2.0.5","2.0.6","2.0.7","2.0.8","2.1.1","2.1.2","2.1.3","2.1.4","2.2.1","2.2.2","2.2.3","2.2.4","2.3.1"]
39 error notarget
39 error notarget This is most likely not a problem with npm itself.
39 error notarget In most cases you or one of your dependencies are requesting
39 error notarget a package version that doesn't exist.
40 error System Windows_NT 6.2.9200
41 error command "C:\\Program Files (x86)\\nodejs\\\\node.exe" "C:\\Program Files (x86)\\nodejs\\node_modules\\npm\\bin\\npm-cli.js" "update" "ejs" "--save"
42 error cwd c:\Projetos\node_chat
43 error node -v v0.10.30
44 error npm -v 1.4.21
45 error code ETARGET
46 verbose exit [ 1, true ]
